/usr/local/lib/python2.7/dist-packages/h5py/__init__.py:36: FutureWarning: Conversion of the second argument of issubdtype from `float` to `np.floating` is deprecated. In future, it will be treated as `np.float64 == np.dtype(float).type`.
  from ._conv import register_converters as _register_converters
make: Entering directory '/opt/znnphi_interface/code/znet'
rm -rf out
mkdir -p out
mkdir -p out/weights
python src/znet_generator/main.py /opt/znnphi_interface/code/znet/src/python/pznet/.tmp/net.json /tests/pni_unet/weights.h5 src/generated/znet.cpp AVX2 2 2 0
/usr/local/lib/python2.7/dist-packages/h5py/__init__.py:36: FutureWarning: Conversion of the second argument of issubdtype from `float` to `np.floating` is deprecated. In future, it will be treated as `np.float64 == np.dtype(float).type`.
  from ._conv import register_converters as _register_converters
Parsing the network spec...
Loading the weights...
Optimizing the net...
Removing Sum1!
Removing Sum2!
Removing Sum3!
Removing Sum4!
Removing Sum5!
Removing Sum6!
Removing Merge1!
Removing Sum7!
Removing Merge2!
Removing Sum8!
Removing Merge3!
Removing Sum9!
Removing Merge4!
Removing Sum10!
Removing Merge5!
Removing Sum11!
Removing ELU1!
Removing BN1!
Removing Scale1!
Removing ELU2!
Removing BN2!
Removing Scale2!
Removing ELU3!
Removing BN3!
Removing Scale3!
Removing ELU4!
Removing BN4!
Removing Scale4!
Removing ELU5!
Removing BN5!
Removing Scale5!
Removing ELU6!
Removing BN6!
Removing Scale6!
Removing ELU7!
Removing BN7!
Removing Scale7!
Removing ELU8!
Removing BN8!
Removing Scale8!
Removing ELU9!
Removing BN9!
Removing Scale9!
Removing ELU10!
Removing BN10!
Removing Scale10!
Removing ELU11!
Removing BN11!
Removing Scale11!
Removing ELU12!
Removing BN12!
Removing Scale12!
Removing ELU13!
Removing BN13!
Removing Scale13!
Removing ELU14!
Removing BN14!
Removing Scale14!
Removing ELU15!
Removing BN15!
Removing Scale15!
Removing ELU16!
Removing BN16!
Removing Scale16!
Removing ELU17!
Removing BN17!
Removing Scale17!
Removing ELU18!
Removing BN18!
Removing Scale18!
Removing ELU19!
Removing BN19!
Removing Scale19!
Removing ELU20!
Removing BN20!
Removing Scale20!
Removing ELU21!
Removing BN21!
Removing Scale21!
Removing ELU22!
Removing BN22!
Removing Scale22!
Removing ELU23!
Removing BN23!
Removing Scale23!
Removing ELU24!
Removing BN24!
Removing Scale24!
Removing ELU25!
Removing BN25!
Removing Scale25!
Removing ELU26!
Removing BN26!
Removing Scale26!
Removing ELU27!
Removing BN27!
Removing Scale27!
Removing ELU28!
Removing BN28!
Removing Scale28!
Removing ELU29!
Removing BN29!
Removing Scale29!
Removing ELU30!
Removing BN30!
Removing Scale30!
Removing ELU31!
Removing BN31!
Removing Scale31!
Removing ELU32!
Removing BN32!
Removing Scale32!
Removing ELU33!
Removing BN33!
Removing Scale33!
Removing ELU34!
Removing BN34!
Removing Scale34!
Removing ELU35!
Removing BN35!
Removing Scale35!
Removing ELU36!
Removing BN36!
Removing Scale36!
Removing ELU37!
Removing BN37!
Removing Scale37!
Removing ELU38!
Removing BN38!
Removing Scale38!
Removing ELU39!
Removing ELU40!
Output paddinig for Conv1!
Output paddinig for Conv3!
Output paddinig for Conv6!
Output paddinig for Conv9!
Output paddinig for Conv12!
Output paddinig for Conv15!
Output paddinig for Conv18!
Output paddinig for Conv22!
Output paddinig for Conv26!
Output paddinig for Conv30!
Output paddinig for Conv34!
Output paddinig for Conv38!
Generating the network...
   Generating constructors...
   Generating foward pass...
Done!
icpc: command line warning #10006: ignoring unknown option '-Wdate-time'
icpc: warning #10315: specifying -lm before files may supersede the Intel(R) math library and affect performance
icpc: command line remark #10411: option '-openmp' is deprecated and will be removed in a future release. Please use the replacement option '-qopenmp'
make: Leaving directory '/opt/znnphi_interface/code/znet'
Creating net...
Running net...
/opt/znnphi_interface/code/include/znn/jit/jit.py LAYER=conv LIB_FOLDER=/opt/znets/pni_unet_2cores/lib BN=1 IFM=72 OFM=48 ID=22 IHW=56 KD=1 KHW=1 OUT_D_SKIP=0 OUT_PADD=0 OUT_H_SKIP=0 OUT_W_SKIP=0 OUT_PADHW=0 OUT_STRIDE_D=1 OUT_STRIDE_HW=1 ACTIVATION=true ADDOROVERWRITE=true ARCH=AVX2 CORES=2 HT=2 CPU_OFFSET=0
icpc: warning #10237: -lcilkrts linked in dynamically, static library not available
../../../../code/include/znn/layer/conv/propagation/sub_layer.hpp(93): (col. 17) remark: unroll pragma will be ignored due to unroll_and_jam pragma expected
../../../../code/include/znn/layer/conv/propagation/sub_layer.hpp(93): (col. 17) remark: unroll pragma will be ignored due to unroll_and_jam pragma expected
../../../../code/include/znn/layer/conv/propagation/sub_layer.hpp(93): (col. 17) remark: unroll pragma will be ignored due to unroll_and_jam pragma expected
../../../../code/include/znn/layer/conv/propagation/sub_layer.hpp(93): (col. 17) remark: unroll pragma will be ignored due to unroll_and_jam pragma expected
../../../../code/include/znn/layer/conv/propagation/sub_layer.hpp(93): (col. 17) remark: unroll pragma will be ignored due to unroll_and_jam pragma expected
../../../../code/include/znn/layer/conv/propagation/sub_layer.hpp(93): (col. 17) remark: unroll pragma will be ignored due to unroll_and_jam pragma expected
../../../../code/include/znn/layer/conv/propagation/sub_layer.hpp(93): (col. 17) remark: unroll pragma will be ignored due to unroll_and_jam pragma expected
../../../../code/include/znn/layer/conv/propagation/sub_layer.hpp(93): (col. 17) remark: unroll pragma will be ignored due to unroll_and_jam pragma expected
dl_filename: /opt/znets/pni_unet_2cores/lib/conv_true_true_AVX2_1_2_0_2_22_72_56_1_1_48_0_0_0_0_1_1_0.so
/opt/znnphi_interface/code/include/znn/jit/jit.py LAYER=conv LIB_FOLDER=/opt/znets/pni_unet_2cores/lib BN=1 IFM=48 OFM=48 ID=24 IHW=58 KD=3 KHW=3 OUT_D_SKIP=0 OUT_PADD=0 OUT_H_SKIP=0 OUT_W_SKIP=0 OUT_PADHW=0 OUT_STRIDE_D=1 OUT_STRIDE_HW=1 ACTIVATION=true ADDOROVERWRITE=false ARCH=AVX2 CORES=2 HT=2 CPU_OFFSET=0
icpc: warning #10237: -lcilkrts linked in dynamically, static library not available
../../../../code/include/znn/layer/conv/propagation/sub_layer.hpp(93): (col. 17) remark: unroll pragma will be ignored due to unroll_and_jam pragma expected
../../../../code/include/znn/layer/conv/propagation/sub_layer.hpp(93): (col. 17) remark: unroll pragma will be ignored due to unroll_and_jam pragma expected
../../../../code/include/znn/layer/conv/propagation/sub_layer.hpp(93): (col. 17) remark: unroll pragma will be ignored due to unroll_and_jam pragma expected
../../../../code/include/znn/layer/conv/propagation/sub_layer.hpp(93): (col. 17) remark: unroll pragma will be ignored due to unroll_and_jam pragma expected
../../../../code/include/znn/layer/conv/propagation/sub_layer.hpp(93): (col. 17) remark: unroll pragma will be ignored due to unroll_and_jam pragma expected
../../../../code/include/znn/layer/conv/propagation/sub_layer.hpp(93): (col. 17) remark: unroll pragma will be ignored due to unroll_and_jam pragma expected
../../../../code/include/znn/layer/conv/propagation/sub_layer.hpp(93): (col. 17) remark: unroll pragma will be ignored due to unroll_and_jam pragma expected
../../../../code/include/znn/layer/conv/propagation/sub_layer.hpp(93): (col. 17) remark: unroll pragma will be ignored due to unroll_and_jam pragma expected
dl_filename: /opt/znets/pni_unet_2cores/lib/conv_true_false_AVX2_1_2_0_2_24_48_58_3_3_48_0_0_0_0_1_1_0.so
/opt/znnphi_interface/code/include/znn/jit/jit.py LAYER=conv LIB_FOLDER=/opt/znets/pni_unet_2cores/lib BN=1 IFM=104 OFM=104 ID=24 IHW=16 KD=3 KHW=3 OUT_D_SKIP=0 OUT_PADD=1 OUT_H_SKIP=0 OUT_W_SKIP=0 OUT_PADHW=1 OUT_STRIDE_D=1 OUT_STRIDE_HW=1 ACTIVATION=true ADDOROVERWRITE=false ARCH=AVX2 CORES=2 HT=2 CPU_OFFSET=0
icpc: warning #10237: -lcilkrts linked in dynamically, static library not available
../../../../code/include/znn/layer/conv/propagation/sub_layer.hpp(93): (col. 17) remark: unroll pragma will be ignored due to unroll_and_jam pragma expected
../../../../code/include/znn/layer/conv/propagation/sub_layer.hpp(93): (col. 17) remark: unroll pragma will be ignored due to unroll_and_jam pragma expected
../../../../code/include/znn/layer/conv/propagation/sub_layer.hpp(93): (col. 17) remark: unroll pragma will be ignored due to unroll_and_jam pragma expected
../../../../code/include/znn/layer/conv/propagation/sub_layer.hpp(93): (col. 17) remark: unroll pragma will be ignored due to unroll_and_jam pragma expected
../../../../code/include/znn/layer/conv/propagation/sub_layer.hpp(93): (col. 17) remark: unroll pragma will be ignored due to unroll_and_jam pragma expected
../../../../code/include/znn/layer/conv/propagation/sub_layer.hpp(93): (col. 17) remark: unroll pragma will be ignored due to unroll_and_jam pragma expected
../../../../code/include/znn/layer/conv/propagation/sub_layer.hpp(93): (col. 17) remark: unroll pragma will be ignored due to unroll_and_jam pragma expected
../../../../code/include/znn/layer/conv/propagation/sub_layer.hpp(93): (col. 17) remark: unroll pragma will be ignored due to unroll_and_jam pragma expected
dl_filename: /opt/znets/pni_unet_2cores/lib/conv_true_false_AVX2_1_2_0_2_24_104_16_3_3_104_0_0_1_1_1_1_0.so
/opt/znnphi_interface/code/include/znn/jit/jit.py LAYER=conv LIB_FOLDER=/opt/znets/pni_unet_2cores/lib BN=1 IFM=104 OFM=104 ID=24 IHW=16 KD=3 KHW=3 OUT_D_SKIP=0 OUT_PADD=0 OUT_H_SKIP=0 OUT_W_SKIP=0 OUT_PADHW=0 OUT_STRIDE_D=1 OUT_STRIDE_HW=1 ACTIVATION=true ADDOROVERWRITE=true ARCH=AVX2 CORES=2 HT=2 CPU_OFFSET=0
icpc: warning #10237: -lcilkrts linked in dynamically, static library not available
../../../../code/include/znn/layer/conv/propagation/sub_layer.hpp(93): (col. 17) remark: unroll pragma will be ignored due to unroll_and_jam pragma expected
../../../../code/include/znn/layer/conv/propagation/sub_layer.hpp(93): (col. 17) remark: unroll pragma will be ignored due to unroll_and_jam pragma expected
../../../../code/include/znn/layer/conv/propagation/sub_layer.hpp(93): (col. 17) remark: unroll pragma will be ignored due to unroll_and_jam pragma expected
../../../../code/include/znn/layer/conv/propagation/sub_layer.hpp(93): (col. 17) remark: unroll pragma will be ignored due to unroll_and_jam pragma expected
../../../../code/include/znn/layer/conv/propagation/sub_layer.hpp(93): (col. 17) remark: unroll pragma will be ignored due to unroll_and_jam pragma expected
../../../../code/include/znn/layer/conv/propagation/sub_layer.hpp(93): (col. 17) remark: unroll pragma will be ignored due to unroll_and_jam pragma expected
../../../../code/include/znn/layer/conv/propagation/sub_layer.hpp(93): (col. 17) remark: unroll pragma will be ignored due to unroll_and_jam pragma expected
../../../../code/include/znn/layer/conv/propagation/sub_layer.hpp(93): (col. 17) remark: unroll pragma will be ignored due to unroll_and_jam pragma expected
dl_filename: /opt/znets/pni_unet_2cores/lib/conv_true_true_AVX2_1_2_0_2_24_104_16_3_3_104_0_0_0_0_1_1_0.so
/opt/znnphi_interface/code/include/znn/jit/jit.py LAYER=conv LIB_FOLDER=/opt/znets/pni_unet_2cores/lib BN=1 IFM=144 OFM=104 ID=22 IHW=14 KD=1 KHW=1 OUT_D_SKIP=0 OUT_PADD=0 OUT_H_SKIP=0 OUT_W_SKIP=0 OUT_PADHW=0 OUT_STRIDE_D=1 OUT_STRIDE_HW=1 ACTIVATION=true ADDOROVERWRITE=true ARCH=AVX2 CORES=2 HT=2 CPU_OFFSET=0
icpc: warning #10237: -lcilkrts linked in dynamically, static library not available
../../../../code/include/znn/layer/conv/propagation/sub_layer.hpp(93): (col. 17) remark: unroll pragma will be ignored due to unroll_and_jam pragma expected
../../../../code/include/znn/layer/conv/propagation/sub_layer.hpp(93): (col. 17) remark: unroll pragma will be ignored due to unroll_and_jam pragma expected
../../../../code/include/znn/layer/conv/propagation/sub_layer.hpp(93): (col. 17) remark: unroll pragma will be ignored due to unroll_and_jam pragma expected
../../../../code/include/znn/layer/conv/propagation/sub_layer.hpp(93): (col. 17) remark: unroll pragma will be ignored due to unroll_and_jam pragma expected
../../../../code/include/znn/layer/conv/propagation/sub_layer.hpp(93): (col. 17) remark: unroll pragma will be ignored due to unroll_and_jam pragma expected
../../../../code/include/znn/layer/conv/propagation/sub_layer.hpp(93): (col. 17) remark: unroll pragma will be ignored due to unroll_and_jam pragma expected
../../../../code/include/znn/layer/conv/propagation/sub_layer.hpp(93): (col. 17) remark: unroll pragma will be ignored due to unroll_and_jam pragma expected
../../../../code/include/znn/layer/conv/propagation/sub_layer.hpp(93): (col. 17) remark: unroll pragma will be ignored due to unroll_and_jam pragma expected
dl_filename: /opt/znets/pni_unet_2cores/lib/conv_true_true_AVX2_1_2_0_2_22_144_14_1_1_104_0_0_0_0_1_1_0.so
/opt/znnphi_interface/code/include/znn/jit/jit.py LAYER=conv LIB_FOLDER=/opt/znets/pni_unet_2cores/lib BN=1 IFM=104 OFM=104 ID=24 IHW=16 KD=3 KHW=3 OUT_D_SKIP=0 OUT_PADD=0 OUT_H_SKIP=0 OUT_W_SKIP=0 OUT_PADHW=0 OUT_STRIDE_D=1 OUT_STRIDE_HW=1 ACTIVATION=true ADDOROVERWRITE=false ARCH=AVX2 CORES=2 HT=2 CPU_OFFSET=0
icpc: warning #10237: -lcilkrts linked in dynamically, static library not available
../../../../code/include/znn/layer/conv/propagation/sub_layer.hpp(93): (col. 17) remark: unroll pragma will be ignored due to unroll_and_jam pragma expected
../../../../code/include/znn/layer/conv/propagation/sub_layer.hpp(93): (col. 17) remark: unroll pragma will be ignored due to unroll_and_jam pragma expected
../../../../code/include/znn/layer/conv/propagation/sub_layer.hpp(93): (col. 17) remark: unroll pragma will be ignored due to unroll_and_jam pragma expected
../../../../code/include/znn/layer/conv/propagation/sub_layer.hpp(93): (col. 17) remark: unroll pragma will be ignored due to unroll_and_jam pragma expected
../../../../code/include/znn/layer/conv/propagation/sub_layer.hpp(93): (col. 17) remark: unroll pragma will be ignored due to unroll_and_jam pragma expected
../../../../code/include/znn/layer/conv/propagation/sub_layer.hpp(93): (col. 17) remark: unroll pragma will be ignored due to unroll_and_jam pragma expected
../../../../code/include/znn/layer/conv/propagation/sub_layer.hpp(93): (col. 17) remark: unroll pragma will be ignored due to unroll_and_jam pragma expected
../../../../code/include/znn/layer/conv/propagation/sub_layer.hpp(93): (col. 17) remark: unroll pragma will be ignored due to unroll_and_jam pragma expected
dl_filename: /opt/znets/pni_unet_2cores/lib/conv_true_false_AVX2_1_2_0_2_24_104_16_3_3_104_0_0_0_0_1_1_0.so
/opt/znnphi_interface/code/include/znn/jit/jit.py LAYER=conv LIB_FOLDER=/opt/znets/pni_unet_2cores/lib BN=1 IFM=72 OFM=72 ID=24 IHW=30 KD=3 KHW=3 OUT_D_SKIP=0 OUT_PADD=1 OUT_H_SKIP=0 OUT_W_SKIP=0 OUT_PADHW=1 OUT_STRIDE_D=1 OUT_STRIDE_HW=1 ACTIVATION=true ADDOROVERWRITE=false ARCH=AVX2 CORES=2 HT=2 CPU_OFFSET=0
icpc: warning #10237: -lcilkrts linked in dynamically, static library not available
../../../../code/include/znn/layer/conv/propagation/sub_layer.hpp(93): (col. 17) remark: unroll pragma will be ignored due to unroll_and_jam pragma expected
../../../../code/include/znn/layer/conv/propagation/sub_layer.hpp(93): (col. 17) remark: unroll pragma will be ignored due to unroll_and_jam pragma expected
../../../../code/include/znn/layer/conv/propagation/sub_layer.hpp(93): (col. 17) remark: unroll pragma will be ignored due to unroll_and_jam pragma expected
../../../../code/include/znn/layer/conv/propagation/sub_layer.hpp(93): (col. 17) remark: unroll pragma will be ignored due to unroll_and_jam pragma expected
../../../../code/include/znn/layer/conv/propagation/sub_layer.hpp(93): (col. 17) remark: unroll pragma will be ignored due to unroll_and_jam pragma expected
../../../../code/include/znn/layer/conv/propagation/sub_layer.hpp(93): (col. 17) remark: unroll pragma will be ignored due to unroll_and_jam pragma expected
../../../../code/include/znn/layer/conv/propagation/sub_layer.hpp(93): (col. 17) remark: unroll pragma will be ignored due to unroll_and_jam pragma expected
../../../../code/include/znn/layer/conv/propagation/sub_layer.hpp(93): (col. 17) remark: unroll pragma will be ignored due to unroll_and_jam pragma expected
dl_filename: /opt/znets/pni_unet_2cores/lib/conv_true_false_AVX2_1_2_0_2_24_72_30_3_3_72_0_0_1_1_1_1_0.so
/opt/znnphi_interface/code/include/znn/jit/jit.py LAYER=conv LIB_FOLDER=/opt/znets/pni_unet_2cores/lib BN=1 IFM=72 OFM=72 ID=24 IHW=30 KD=3 KHW=3 OUT_D_SKIP=0 OUT_PADD=0 OUT_H_SKIP=0 OUT_W_SKIP=0 OUT_PADHW=0 OUT_STRIDE_D=1 OUT_STRIDE_HW=1 ACTIVATION=true ADDOROVERWRITE=true ARCH=AVX2 CORES=2 HT=2 CPU_OFFSET=0
icpc: warning #10237: -lcilkrts linked in dynamically, static library not available
../../../../code/include/znn/layer/conv/propagation/sub_layer.hpp(93): (col. 17) remark: unroll pragma will be ignored due to unroll_and_jam pragma expected
../../../../code/include/znn/layer/conv/propagation/sub_layer.hpp(93): (col. 17) remark: unroll pragma will be ignored due to unroll_and_jam pragma expected
../../../../code/include/znn/layer/conv/propagation/sub_layer.hpp(93): (col. 17) remark: unroll pragma will be ignored due to unroll_and_jam pragma expected
../../../../code/include/znn/layer/conv/propagation/sub_layer.hpp(93): (col. 17) remark: unroll pragma will be ignored due to unroll_and_jam pragma expected
../../../../code/include/znn/layer/conv/propagation/sub_layer.hpp(93): (col. 17) remark: unroll pragma will be ignored due to unroll_and_jam pragma expected
../../../../code/include/znn/layer/conv/propagation/sub_layer.hpp(93): (col. 17) remark: unroll pragma will be ignored due to unroll_and_jam pragma expected
../../../../code/include/znn/layer/conv/propagation/sub_layer.hpp(93): (col. 17) remark: unroll pragma will be ignored due to unroll_and_jam pragma expected
../../../../code/include/znn/layer/conv/propagation/sub_layer.hpp(93): (col. 17) remark: unroll pragma will be ignored due to unroll_and_jam pragma expected
dl_filename: /opt/znets/pni_unet_2cores/lib/conv_true_true_AVX2_1_2_0_2_24_72_30_3_3_72_0_0_0_0_1_1_0.so
/opt/znnphi_interface/code/include/znn/jit/jit.py LAYER=conv LIB_FOLDER=/opt/znets/pni_unet_2cores/lib BN=1 IFM=104 OFM=72 ID=22 IHW=28 KD=1 KHW=1 OUT_D_SKIP=0 OUT_PADD=0 OUT_H_SKIP=0 OUT_W_SKIP=0 OUT_PADHW=0 OUT_STRIDE_D=1 OUT_STRIDE_HW=1 ACTIVATION=true ADDOROVERWRITE=true ARCH=AVX2 CORES=2 HT=2 CPU_OFFSET=0
icpc: warning #10237: -lcilkrts linked in dynamically, static library not available
../../../../code/include/znn/layer/conv/propagation/sub_layer.hpp(93): (col. 17) remark: unroll pragma will be ignored due to unroll_and_jam pragma expected
../../../../code/include/znn/layer/conv/propagation/sub_layer.hpp(93): (col. 17) remark: unroll pragma will be ignored due to unroll_and_jam pragma expected
../../../../code/include/znn/layer/conv/propagation/sub_layer.hpp(93): (col. 17) remark: unroll pragma will be ignored due to unroll_and_jam pragma expected
../../../../code/include/znn/layer/conv/propagation/sub_layer.hpp(93): (col. 17) remark: unroll pragma will be ignored due to unroll_and_jam pragma expected
../../../../code/include/znn/layer/conv/propagation/sub_layer.hpp(93): (col. 17) remark: unroll pragma will be ignored due to unroll_and_jam pragma expected
../../../../code/include/znn/layer/conv/propagation/sub_layer.hpp(93): (col. 17) remark: unroll pragma will be ignored due to unroll_and_jam pragma expected
../../../../code/include/znn/layer/conv/propagation/sub_layer.hpp(93): (col. 17) remark: unroll pragma will be ignored due to unroll_and_jam pragma expected
../../../../code/include/znn/layer/conv/propagation/sub_layer.hpp(93): (col. 17) remark: unroll pragma will be ignored due to unroll_and_jam pragma expected
dl_filename: /opt/znets/pni_unet_2cores/lib/conv_true_true_AVX2_1_2_0_2_22_104_28_1_1_72_0_0_0_0_1_1_0.so
/opt/znnphi_interface/code/include/znn/jit/jit.py LAYER=conv LIB_FOLDER=/opt/znets/pni_unet_2cores/lib BN=1 IFM=72 OFM=72 ID=24 IHW=30 KD=3 KHW=3 OUT_D_SKIP=0 OUT_PADD=0 OUT_H_SKIP=0 OUT_W_SKIP=0 OUT_PADHW=0 OUT_STRIDE_D=1 OUT_STRIDE_HW=1 ACTIVATION=true ADDOROVERWRITE=false ARCH=AVX2 CORES=2 HT=2 CPU_OFFSET=0
icpc: warning #10237: -lcilkrts linked in dynamically, static library not available
../../../../code/include/znn/layer/conv/propagation/sub_layer.hpp(93): (col. 17) remark: unroll pragma will be ignored due to unroll_and_jam pragma expected
../../../../code/include/znn/layer/conv/propagation/sub_layer.hpp(93): (col. 17) remark: unroll pragma will be ignored due to unroll_and_jam pragma expected
../../../../code/include/znn/layer/conv/propagation/sub_layer.hpp(93): (col. 17) remark: unroll pragma will be ignored due to unroll_and_jam pragma expected
../../../../code/include/znn/layer/conv/propagation/sub_layer.hpp(93): (col. 17) remark: unroll pragma will be ignored due to unroll_and_jam pragma expected
../../../../code/include/znn/layer/conv/propagation/sub_layer.hpp(93): (col. 17) remark: unroll pragma will be ignored due to unroll_and_jam pragma expected
../../../../code/include/znn/layer/conv/propagation/sub_layer.hpp(93): (col. 17) remark: unroll pragma will be ignored due to unroll_and_jam pragma expected
../../../../code/include/znn/layer/conv/propagation/sub_layer.hpp(93): (col. 17) remark: unroll pragma will be ignored due to unroll_and_jam pragma expected
../../../../code/include/znn/layer/conv/propagation/sub_layer.hpp(93): (col. 17) remark: unroll pragma will be ignored due to unroll_and_jam pragma expected
dl_filename: /opt/znets/pni_unet_2cores/lib/conv_true_false_AVX2_1_2_0_2_24_72_30_3_3_72_0_0_0_0_1_1_0.so
1 2
1 2
1 2
1 2
/opt/znnphi_interface/code/include/znn/jit/jit.py LAYER=conv LIB_FOLDER=/opt/znets/pni_unet_2cores/lib BN=1 IFM=24 OFM=24 ID=24 IHW=226 KD=3 KHW=3 OUT_D_SKIP=0 OUT_PADD=0 OUT_H_SKIP=0 OUT_W_SKIP=0 OUT_PADHW=0 OUT_STRIDE_D=1 OUT_STRIDE_HW=1 ACTIVATION=true ADDOROVERWRITE=true ARCH=AVX2 CORES=2 HT=2 CPU_OFFSET=0
icpc: warning #10237: -lcilkrts linked in dynamically, static library not available
../../../../code/include/znn/layer/conv/propagation/sub_layer.hpp(93): (col. 17) remark: unroll pragma will be ignored due to unroll_and_jam pragma expected
../../../../code/include/znn/layer/conv/propagation/sub_layer.hpp(93): (col. 17) remark: unroll pragma will be ignored due to unroll_and_jam pragma expected
../../../../code/include/znn/layer/conv/propagation/sub_layer.hpp(93): (col. 17) remark: unroll pragma will be ignored due to unroll_and_jam pragma expected
../../../../code/include/znn/layer/conv/propagation/sub_layer.hpp(93): (col. 17) remark: unroll pragma will be ignored due to unroll_and_jam pragma expected
../../../../code/include/znn/layer/conv/propagation/sub_layer.hpp(93): (col. 17) remark: unroll pragma will be ignored due to unroll_and_jam pragma expected
../../../../code/include/znn/layer/conv/propagation/sub_layer.hpp(93): (col. 17) remark: unroll pragma will be ignored due to unroll_and_jam pragma expected
../../../../code/include/znn/layer/conv/propagation/sub_layer.hpp(93): (col. 17) remark: unroll pragma will be ignored due to unroll_and_jam pragma expected
../../../../code/include/znn/layer/conv/propagation/sub_layer.hpp(93): (col. 17) remark: unroll pragma will be ignored due to unroll_and_jam pragma expected
dl_filename: /opt/znets/pni_unet_2cores/lib/conv_true_true_AVX2_1_2_0_2_24_24_226_3_3_24_0_0_0_0_1_1_0.so
/opt/znnphi_interface/code/include/znn/jit/jit.py LAYER=conv LIB_FOLDER=/opt/znets/pni_unet_2cores/lib BN=1 IFM=24 OFM=24 ID=24 IHW=226 KD=3 KHW=3 OUT_D_SKIP=0 OUT_PADD=1 OUT_H_SKIP=0 OUT_W_SKIP=0 OUT_PADHW=1 OUT_STRIDE_D=1 OUT_STRIDE_HW=1 ACTIVATION=true ADDOROVERWRITE=false ARCH=AVX2 CORES=2 HT=2 CPU_OFFSET=0
icpc: warning #10237: -lcilkrts linked in dynamically, static library not available
../../../../code/include/znn/layer/conv/propagation/sub_layer.hpp(93): (col. 17) remark: unroll pragma will be ignored due to unroll_and_jam pragma expected
../../../../code/include/znn/layer/conv/propagation/sub_layer.hpp(93): (col. 17) remark: unroll pragma will be ignored due to unroll_and_jam pragma expected
../../../../code/include/znn/layer/conv/propagation/sub_layer.hpp(93): (col. 17) remark: unroll pragma will be ignored due to unroll_and_jam pragma expected
../../../../code/include/znn/layer/conv/propagation/sub_layer.hpp(93): (col. 17) remark: unroll pragma will be ignored due to unroll_and_jam pragma expected
../../../../code/include/znn/layer/conv/propagation/sub_layer.hpp(93): (col. 17) remark: unroll pragma will be ignored due to unroll_and_jam pragma expected
../../../../code/include/znn/layer/conv/propagation/sub_layer.hpp(93): (col. 17) remark: unroll pragma will be ignored due to unroll_and_jam pragma expected
../../../../code/include/znn/layer/conv/propagation/sub_layer.hpp(93): (col. 17) remark: unroll pragma will be ignored due to unroll_and_jam pragma expected
../../../../code/include/znn/layer/conv/propagation/sub_layer.hpp(93): (col. 17) remark: unroll pragma will be ignored due to unroll_and_jam pragma expected
dl_filename: /opt/znets/pni_unet_2cores/lib/conv_true_false_AVX2_1_2_0_2_24_24_226_3_3_24_0_0_1_1_1_1_0.so
/opt/znnphi_interface/code/include/znn/jit/jit.py LAYER=conv LIB_FOLDER=/opt/znets/pni_unet_2cores/lib BN=1 IFM=48 OFM=48 ID=24 IHW=58 KD=3 KHW=3 OUT_D_SKIP=0 OUT_PADD=0 OUT_H_SKIP=0 OUT_W_SKIP=0 OUT_PADHW=0 OUT_STRIDE_D=1 OUT_STRIDE_HW=1 ACTIVATION=true ADDOROVERWRITE=true ARCH=AVX2 CORES=2 HT=2 CPU_OFFSET=0
icpc: warning #10237: -lcilkrts linked in dynamically, static library not available
../../../../code/include/znn/layer/conv/propagation/sub_layer.hpp(93): (col. 17) remark: unroll pragma will be ignored due to unroll_and_jam pragma expected
../../../../code/include/znn/layer/conv/propagation/sub_layer.hpp(93): (col. 17) remark: unroll pragma will be ignored due to unroll_and_jam pragma expected
../../../../code/include/znn/layer/conv/propagation/sub_layer.hpp(93): (col. 17) remark: unroll pragma will be ignored due to unroll_and_jam pragma expected
../../../../code/include/znn/layer/conv/propagation/sub_layer.hpp(93): (col. 17) remark: unroll pragma will be ignored due to unroll_and_jam pragma expected
../../../../code/include/znn/layer/conv/propagation/sub_layer.hpp(93): (col. 17) remark: unroll pragma will be ignored due to unroll_and_jam pragma expected
../../../../code/include/znn/layer/conv/propagation/sub_layer.hpp(93): (col. 17) remark: unroll pragma will be ignored due to unroll_and_jam pragma expected
../../../../code/include/znn/layer/conv/propagation/sub_layer.hpp(93): (col. 17) remark: unroll pragma will be ignored due to unroll_and_jam pragma expected
../../../../code/include/znn/layer/conv/propagation/sub_layer.hpp(93): (col. 17) remark: unroll pragma will be ignored due to unroll_and_jam pragma expected
dl_filename: /opt/znets/pni_unet_2cores/lib/conv_true_true_AVX2_1_2_0_2_24_48_58_3_3_48_0_0_0_0_1_1_0.so
/opt/znnphi_interface/code/include/znn/jit/jit.py LAYER=conv LIB_FOLDER=/opt/znets/pni_unet_2cores/lib BN=1 IFM=48 OFM=48 ID=24 IHW=58 KD=3 KHW=3 OUT_D_SKIP=0 OUT_PADD=1 OUT_H_SKIP=0 OUT_W_SKIP=0 OUT_PADHW=1 OUT_STRIDE_D=1 OUT_STRIDE_HW=1 ACTIVATION=true ADDOROVERWRITE=false ARCH=AVX2 CORES=2 HT=2 CPU_OFFSET=0
icpc: warning #10237: -lcilkrts linked in dynamically, static library not available
../../../../code/include/znn/layer/conv/propagation/sub_layer.hpp(93): (col. 17) remark: unroll pragma will be ignored due to unroll_and_jam pragma expected
../../../../code/include/znn/layer/conv/propagation/sub_layer.hpp(93): (col. 17) remark: unroll pragma will be ignored due to unroll_and_jam pragma expected
../../../../code/include/znn/layer/conv/propagation/sub_layer.hpp(93): (col. 17) remark: unroll pragma will be ignored due to unroll_and_jam pragma expected
../../../../code/include/znn/layer/conv/propagation/sub_layer.hpp(93): (col. 17) remark: unroll pragma will be ignored due to unroll_and_jam pragma expected
../../../../code/include/znn/layer/conv/propagation/sub_layer.hpp(93): (col. 17) remark: unroll pragma will be ignored due to unroll_and_jam pragma expected
../../../../code/include/znn/layer/conv/propagation/sub_layer.hpp(93): (col. 17) remark: unroll pragma will be ignored due to unroll_and_jam pragma expected
../../../../code/include/znn/layer/conv/propagation/sub_layer.hpp(93): (col. 17) remark: unroll pragma will be ignored due to unroll_and_jam pragma expected
../../../../code/include/znn/layer/conv/propagation/sub_layer.hpp(93): (col. 17) remark: unroll pragma will be ignored due to unroll_and_jam pragma expected
dl_filename: /opt/znets/pni_unet_2cores/lib/conv_true_false_AVX2_1_2_0_2_24_48_58_3_3_48_0_0_1_1_1_1_0.so
/opt/znnphi_interface/code/include/znn/jit/jit.py LAYER=conv LIB_FOLDER=/opt/znets/pni_unet_2cores/lib BN=1 IFM=32 OFM=32 ID=24 IHW=114 KD=3 KHW=3 OUT_D_SKIP=0 OUT_PADD=0 OUT_H_SKIP=0 OUT_W_SKIP=0 OUT_PADHW=0 OUT_STRIDE_D=1 OUT_STRIDE_HW=1 ACTIVATION=true ADDOROVERWRITE=false ARCH=AVX2 CORES=2 HT=2 CPU_OFFSET=0
icpc: warning #10237: -lcilkrts linked in dynamically, static library not available
../../../../code/include/znn/layer/conv/propagation/sub_layer.hpp(93): (col. 17) remark: unroll pragma will be ignored due to unroll_and_jam pragma expected
../../../../code/include/znn/layer/conv/propagation/sub_layer.hpp(93): (col. 17) remark: unroll pragma will be ignored due to unroll_and_jam pragma expected
../../../../code/include/znn/layer/conv/propagation/sub_layer.hpp(93): (col. 17) remark: unroll pragma will be ignored due to unroll_and_jam pragma expected
../../../../code/include/znn/layer/conv/propagation/sub_layer.hpp(93): (col. 17) remark: unroll pragma will be ignored due to unroll_and_jam pragma expected
dl_filename: /opt/znets/pni_unet_2cores/lib/conv_true_false_AVX2_1_2_0_2_24_32_114_3_3_32_0_0_0_0_1_1_0.so
/opt/znnphi_interface/code/include/znn/jit/jit.py LAYER=conv LIB_FOLDER=/opt/znets/pni_unet_2cores/lib BN=1 IFM=48 OFM=32 ID=22 IHW=112 KD=1 KHW=1 OUT_D_SKIP=0 OUT_PADD=0 OUT_H_SKIP=0 OUT_W_SKIP=0 OUT_PADHW=0 OUT_STRIDE_D=1 OUT_STRIDE_HW=1 ACTIVATION=true ADDOROVERWRITE=true ARCH=AVX2 CORES=2 HT=2 CPU_OFFSET=0
icpc: warning #10237: -lcilkrts linked in dynamically, static library not available
../../../../code/include/znn/layer/conv/propagation/sub_layer.hpp(93): (col. 17) remark: unroll pragma will be ignored due to unroll_and_jam pragma expected
../../../../code/include/znn/layer/conv/propagation/sub_layer.hpp(93): (col. 17) remark: unroll pragma will be ignored due to unroll_and_jam pragma expected
../../../../code/include/znn/layer/conv/propagation/sub_layer.hpp(93): (col. 17) remark: unroll pragma will be ignored due to unroll_and_jam pragma expected
../../../../code/include/znn/layer/conv/propagation/sub_layer.hpp(93): (col. 17) remark: unroll pragma will be ignored due to unroll_and_jam pragma expected
dl_filename: /opt/znets/pni_unet_2cores/lib/conv_true_true_AVX2_1_2_0_2_22_48_112_1_1_32_0_0_0_0_1_1_0.so
/opt/znnphi_interface/code/include/znn/jit/jit.py LAYER=conv LIB_FOLDER=/opt/znets/pni_unet_2cores/lib BN=1 IFM=32 OFM=32 ID=24 IHW=114 KD=3 KHW=3 OUT_D_SKIP=0 OUT_PADD=0 OUT_H_SKIP=0 OUT_W_SKIP=0 OUT_PADHW=0 OUT_STRIDE_D=1 OUT_STRIDE_HW=1 ACTIVATION=true ADDOROVERWRITE=true ARCH=AVX2 CORES=2 HT=2 CPU_OFFSET=0
icpc: warning #10237: -lcilkrts linked in dynamically, static library not available
../../../../code/include/znn/layer/conv/propagation/sub_layer.hpp(93): (col. 17) remark: unroll pragma will be ignored due to unroll_and_jam pragma expected
../../../../code/include/znn/layer/conv/propagation/sub_layer.hpp(93): (col. 17) remark: unroll pragma will be ignored due to unroll_and_jam pragma expected
../../../../code/include/znn/layer/conv/propagation/sub_layer.hpp(93): (col. 17) remark: unroll pragma will be ignored due to unroll_and_jam pragma expected
../../../../code/include/znn/layer/conv/propagation/sub_layer.hpp(93): (col. 17) remark: unroll pragma will be ignored due to unroll_and_jam pragma expected
dl_filename: /opt/znets/pni_unet_2cores/lib/conv_true_true_AVX2_1_2_0_2_24_32_114_3_3_32_0_0_0_0_1_1_0.so
/opt/znnphi_interface/code/include/znn/jit/jit.py LAYER=conv LIB_FOLDER=/opt/znets/pni_unet_2cores/lib BN=1 IFM=32 OFM=32 ID=24 IHW=114 KD=3 KHW=3 OUT_D_SKIP=0 OUT_PADD=1 OUT_H_SKIP=0 OUT_W_SKIP=0 OUT_PADHW=1 OUT_STRIDE_D=1 OUT_STRIDE_HW=1 ACTIVATION=true ADDOROVERWRITE=false ARCH=AVX2 CORES=2 HT=2 CPU_OFFSET=0
icpc: warning #10237: -lcilkrts linked in dynamically, static library not available
../../../../code/include/znn/layer/conv/propagation/sub_layer.hpp(93): (col. 17) remark: unroll pragma will be ignored due to unroll_and_jam pragma expected
../../../../code/include/znn/layer/conv/propagation/sub_layer.hpp(93): (col. 17) remark: unroll pragma will be ignored due to unroll_and_jam pragma expected
../../../../code/include/znn/layer/conv/propagation/sub_layer.hpp(93): (col. 17) remark: unroll pragma will be ignored due to unroll_and_jam pragma expected
../../../../code/include/znn/layer/conv/propagation/sub_layer.hpp(93): (col. 17) remark: unroll pragma will be ignored due to unroll_and_jam pragma expected
dl_filename: /opt/znets/pni_unet_2cores/lib/conv_true_false_AVX2_1_2_0_2_24_32_114_3_3_32_0_0_1_1_1_1_0.so
/opt/znnphi_interface/code/include/znn/jit/jit.py LAYER=conv LIB_FOLDER=/opt/znets/pni_unet_2cores/lib BN=1 IFM=24 OFM=24 ID=24 IHW=226 KD=3 KHW=3 OUT_D_SKIP=0 OUT_PADD=0 OUT_H_SKIP=0 OUT_W_SKIP=0 OUT_PADHW=0 OUT_STRIDE_D=1 OUT_STRIDE_HW=1 ACTIVATION=true ADDOROVERWRITE=false ARCH=AVX2 CORES=2 HT=2 CPU_OFFSET=0
icpc: warning #10237: -lcilkrts linked in dynamically, static library not available
../../../../code/include/znn/layer/conv/propagation/sub_layer.hpp(93): (col. 17) remark: unroll pragma will be ignored due to unroll_and_jam pragma expected
../../../../code/include/znn/layer/conv/propagation/sub_layer.hpp(93): (col. 17) remark: unroll pragma will be ignored due to unroll_and_jam pragma expected
../../../../code/include/znn/layer/conv/propagation/sub_layer.hpp(93): (col. 17) remark: unroll pragma will be ignored due to unroll_and_jam pragma expected
../../../../code/include/znn/layer/conv/propagation/sub_layer.hpp(93): (col. 17) remark: unroll pragma will be ignored due to unroll_and_jam pragma expected
../../../../code/include/znn/layer/conv/propagation/sub_layer.hpp(93): (col. 17) remark: unroll pragma will be ignored due to unroll_and_jam pragma expected
../../../../code/include/znn/layer/conv/propagation/sub_layer.hpp(93): (col. 17) remark: unroll pragma will be ignored due to unroll_and_jam pragma expected
../../../../code/include/znn/layer/conv/propagation/sub_layer.hpp(93): (col. 17) remark: unroll pragma will be ignored due to unroll_and_jam pragma expected
../../../../code/include/znn/layer/conv/propagation/sub_layer.hpp(93): (col. 17) remark: unroll pragma will be ignored due to unroll_and_jam pragma expected
dl_filename: /opt/znets/pni_unet_2cores/lib/conv_true_false_AVX2_1_2_0_2_24_24_226_3_3_24_0_0_0_0_1_1_0.so
/opt/znnphi_interface/code/include/znn/jit/jit.py LAYER=conv LIB_FOLDER=/opt/znets/pni_unet_2cores/lib BN=1 IFM=32 OFM=24 ID=22 IHW=224 KD=1 KHW=1 OUT_D_SKIP=0 OUT_PADD=0 OUT_H_SKIP=0 OUT_W_SKIP=0 OUT_PADHW=0 OUT_STRIDE_D=1 OUT_STRIDE_HW=1 ACTIVATION=true ADDOROVERWRITE=true ARCH=AVX2 CORES=2 HT=2 CPU_OFFSET=0
icpc: warning #10237: -lcilkrts linked in dynamically, static library not available
../../../../code/include/znn/layer/conv/propagation/sub_layer.hpp(93): (col. 17) remark: unroll pragma will be ignored due to unroll_and_jam pragma expected
../../../../code/include/znn/layer/conv/propagation/sub_layer.hpp(93): (col. 17) remark: unroll pragma will be ignored due to unroll_and_jam pragma expected
../../../../code/include/znn/layer/conv/propagation/sub_layer.hpp(93): (col. 17) remark: unroll pragma will be ignored due to unroll_and_jam pragma expected
../../../../code/include/znn/layer/conv/propagation/sub_layer.hpp(93): (col. 17) remark: unroll pragma will be ignored due to unroll_and_jam pragma expected
../../../../code/include/znn/layer/conv/propagation/sub_layer.hpp(93): (col. 17) remark: unroll pragma will be ignored due to unroll_and_jam pragma expected
../../../../code/include/znn/layer/conv/propagation/sub_layer.hpp(93): (col. 17) remark: unroll pragma will be ignored due to unroll_and_jam pragma expected
../../../../code/include/znn/layer/conv/propagation/sub_layer.hpp(93): (col. 17) remark: unroll pragma will be ignored due to unroll_and_jam pragma expected
../../../../code/include/znn/layer/conv/propagation/sub_layer.hpp(93): (col. 17) remark: unroll pragma will be ignored due to unroll_and_jam pragma expected
dl_filename: /opt/znets/pni_unet_2cores/lib/conv_true_true_AVX2_1_2_0_2_22_32_224_1_1_24_0_0_0_0_1_1_0.so
/opt/znnphi_interface/code/include/znn/jit/jit.py LAYER=conv LIB_FOLDER=/opt/znets/pni_unet_2cores/lib BN=1 IFM=24 OFM=24 ID=24 IHW=226 KD=3 KHW=3 OUT_D_SKIP=0 OUT_PADD=1 OUT_H_SKIP=0 OUT_W_SKIP=0 OUT_PADHW=1 OUT_STRIDE_D=1 OUT_STRIDE_HW=1 ACTIVATION=true ADDOROVERWRITE=false ARCH=AVX2 CORES=2 HT=2 CPU_OFFSET=0
dl_filename: /opt/znets/pni_unet_2cores/lib/conv_true_false_AVX2_1_2_0_2_24_24_226_3_3_24_0_0_1_1_1_1_0.so
/opt/znnphi_interface/code/include/znn/jit/jit.py LAYER=conv LIB_FOLDER=/opt/znets/pni_unet_2cores/lib BN=1 IFM=24 OFM=24 ID=24 IHW=226 KD=3 KHW=3 OUT_D_SKIP=0 OUT_PADD=0 OUT_H_SKIP=0 OUT_W_SKIP=0 OUT_PADHW=0 OUT_STRIDE_D=1 OUT_STRIDE_HW=1 ACTIVATION=true ADDOROVERWRITE=false ARCH=AVX2 CORES=2 HT=2 CPU_OFFSET=0
dl_filename: /opt/znets/pni_unet_2cores/lib/conv_true_false_AVX2_1_2_0_2_24_24_226_3_3_24_0_0_0_0_1_1_0.so
/opt/znnphi_interface/code/include/znn/jit/jit.py LAYER=conv LIB_FOLDER=/opt/znets/pni_unet_2cores/lib BN=1 IFM=8 OFM=24 ID=22 IHW=228 KD=1 KHW=5 OUT_D_SKIP=0 OUT_PADD=1 OUT_H_SKIP=0 OUT_W_SKIP=0 OUT_PADHW=1 OUT_STRIDE_D=1 OUT_STRIDE_HW=1 ACTIVATION=true ADDOROVERWRITE=false ARCH=AVX2 CORES=2 HT=2 CPU_OFFSET=0
icpc: warning #10237: -lcilkrts linked in dynamically, static library not available
../../../../code/include/znn/layer/conv/propagation/sub_layer.hpp(109): (col. 13) remark: unroll pragma will be ignored due to unroll_and_jam pragma expected
../../../../code/include/znn/layer/conv/propagation/sub_layer.hpp(109): (col. 13) remark: unroll pragma will be ignored due to unroll_and_jam pragma expected
../../../../code/include/znn/layer/conv/propagation/sub_layer.hpp(109): (col. 13) remark: unroll pragma will be ignored due to unroll_and_jam pragma expected
../../../../code/include/znn/layer/conv/propagation/sub_layer.hpp(109): (col. 13) remark: unroll pragma will be ignored due to unroll_and_jam pragma expected
../../../../code/include/znn/layer/conv/propagation/sub_layer.hpp(109): (col. 13) remark: unroll pragma will be ignored due to unroll_and_jam pragma expected
../../../../code/include/znn/layer/conv/propagation/sub_layer.hpp(109): (col. 13) remark: unroll pragma will be ignored due to unroll_and_jam pragma expected
../../../../code/include/znn/layer/conv/propagation/sub_layer.hpp(109): (col. 13) remark: unroll pragma will be ignored due to unroll_and_jam pragma expected
../../../../code/include/znn/layer/conv/propagation/sub_layer.hpp(109): (col. 13) remark: unroll pragma will be ignored due to unroll_and_jam pragma expected
dl_filename: /opt/znets/pni_unet_2cores/lib/conv_true_false_AVX2_1_2_0_2_22_8_228_1_5_24_0_0_1_1_1_1_0.so
/opt/znnphi_interface/code/include/znn/jit/jit.py LAYER=conv LIB_FOLDER=/opt/znets/pni_unet_2cores/lib BN=1 IFM=32 OFM=32 ID=24 IHW=114 KD=3 KHW=3 OUT_D_SKIP=0 OUT_PADD=0 OUT_H_SKIP=0 OUT_W_SKIP=0 OUT_PADHW=0 OUT_STRIDE_D=1 OUT_STRIDE_HW=1 ACTIVATION=true ADDOROVERWRITE=true ARCH=AVX2 CORES=2 HT=2 CPU_OFFSET=0
dl_filename: /opt/znets/pni_unet_2cores/lib/conv_true_true_AVX2_1_2_0_2_24_32_114_3_3_32_0_0_0_0_1_1_0.so
/opt/znnphi_interface/code/include/znn/jit/jit.py LAYER=conv LIB_FOLDER=/opt/znets/pni_unet_2cores/lib BN=1 IFM=32 OFM=32 ID=24 IHW=114 KD=3 KHW=3 OUT_D_SKIP=0 OUT_PADD=1 OUT_H_SKIP=0 OUT_W_SKIP=0 OUT_PADHW=1 OUT_STRIDE_D=1 OUT_STRIDE_HW=1 ACTIVATION=true ADDOROVERWRITE=false ARCH=AVX2 CORES=2 HT=2 CPU_OFFSET=0
dl_filename: /opt/znets/pni_unet_2cores/lib/conv_true_false_AVX2_1_2_0_2_24_32_114_3_3_32_0_0_1_1_1_1_0.so
/opt/znnphi_interface/code/include/znn/jit/jit.py LAYER=conv LIB_FOLDER=/opt/znets/pni_unet_2cores/lib BN=1 IFM=24 OFM=32 ID=24 IHW=114 KD=3 KHW=3 OUT_D_SKIP=0 OUT_PADD=0 OUT_H_SKIP=0 OUT_W_SKIP=0 OUT_PADHW=0 OUT_STRIDE_D=1 OUT_STRIDE_HW=1 ACTIVATION=true ADDOROVERWRITE=false ARCH=AVX2 CORES=2 HT=2 CPU_OFFSET=0
icpc: warning #10237: -lcilkrts linked in dynamically, static library not available
../../../../code/include/znn/layer/conv/propagation/sub_layer.hpp(93): (col. 17) remark: unroll pragma will be ignored due to unroll_and_jam pragma expected
../../../../code/include/znn/layer/conv/propagation/sub_layer.hpp(93): (col. 17) remark: unroll pragma will be ignored due to unroll_and_jam pragma expected
../../../../code/include/znn/layer/conv/propagation/sub_layer.hpp(93): (col. 17) remark: unroll pragma will be ignored due to unroll_and_jam pragma expected
../../../../code/include/znn/layer/conv/propagation/sub_layer.hpp(93): (col. 17) remark: unroll pragma will be ignored due to unroll_and_jam pragma expected
dl_filename: /opt/znets/pni_unet_2cores/lib/conv_true_false_AVX2_1_2_0_2_24_24_114_3_3_32_0_0_0_0_1_1_0.so
/opt/znnphi_interface/code/include/znn/jit/jit.py LAYER=conv LIB_FOLDER=/opt/znets/pni_unet_2cores/lib BN=1 IFM=24 OFM=24 ID=24 IHW=226 KD=3 KHW=3 OUT_D_SKIP=0 OUT_PADD=0 OUT_H_SKIP=0 OUT_W_SKIP=0 OUT_PADHW=0 OUT_STRIDE_D=1 OUT_STRIDE_HW=1 ACTIVATION=true ADDOROVERWRITE=true ARCH=AVX2 CORES=2 HT=2 CPU_OFFSET=0
dl_filename: /opt/znets/pni_unet_2cores/lib/conv_true_true_AVX2_1_2_0_2_24_24_226_3_3_24_0_0_0_0_1_1_0.so
/opt/znnphi_interface/code/include/znn/jit/jit.py LAYER=conv LIB_FOLDER=/opt/znets/pni_unet_2cores/lib BN=1 IFM=48 OFM=48 ID=24 IHW=58 KD=3 KHW=3 OUT_D_SKIP=0 OUT_PADD=1 OUT_H_SKIP=0 OUT_W_SKIP=0 OUT_PADHW=1 OUT_STRIDE_D=1 OUT_STRIDE_HW=1 ACTIVATION=true ADDOROVERWRITE=false ARCH=AVX2 CORES=2 HT=2 CPU_OFFSET=0
dl_filename: /opt/znets/pni_unet_2cores/lib/conv_true_false_AVX2_1_2_0_2_24_48_58_3_3_48_0_0_1_1_1_1_0.so
/opt/znnphi_interface/code/include/znn/jit/jit.py LAYER=conv LIB_FOLDER=/opt/znets/pni_unet_2cores/lib BN=1 IFM=32 OFM=48 ID=24 IHW=58 KD=3 KHW=3 OUT_D_SKIP=0 OUT_PADD=0 OUT_H_SKIP=0 OUT_W_SKIP=0 OUT_PADHW=0 OUT_STRIDE_D=1 OUT_STRIDE_HW=1 ACTIVATION=true ADDOROVERWRITE=false ARCH=AVX2 CORES=2 HT=2 CPU_OFFSET=0
icpc: warning #10237: -lcilkrts linked in dynamically, static library not available
../../../../code/include/znn/layer/conv/propagation/sub_layer.hpp(93): (col. 17) remark: unroll pragma will be ignored due to unroll_and_jam pragma expected
../../../../code/include/znn/layer/conv/propagation/sub_layer.hpp(93): (col. 17) remark: unroll pragma will be ignored due to unroll_and_jam pragma expected
../../../../code/include/znn/layer/conv/propagation/sub_layer.hpp(93): (col. 17) remark: unroll pragma will be ignored due to unroll_and_jam pragma expected
../../../../code/include/znn/layer/conv/propagation/sub_layer.hpp(93): (col. 17) remark: unroll pragma will be ignored due to unroll_and_jam pragma expected
../../../../code/include/znn/layer/conv/propagation/sub_layer.hpp(93): (col. 17) remark: unroll pragma will be ignored due to unroll_and_jam pragma expected
../../../../code/include/znn/layer/conv/propagation/sub_layer.hpp(93): (col. 17) remark: unroll pragma will be ignored due to unroll_and_jam pragma expected
../../../../code/include/znn/layer/conv/propagation/sub_layer.hpp(93): (col. 17) remark: unroll pragma will be ignored due to unroll_and_jam pragma expected
../../../../code/include/znn/layer/conv/propagation/sub_layer.hpp(93): (col. 17) remark: unroll pragma will be ignored due to unroll_and_jam pragma expected
dl_filename: /opt/znets/pni_unet_2cores/lib/conv_true_false_AVX2_1_2_0_2_24_32_58_3_3_48_0_0_0_0_1_1_0.so
/opt/znnphi_interface/code/include/znn/jit/jit.py LAYER=conv LIB_FOLDER=/opt/znets/pni_unet_2cores/lib BN=1 IFM=72 OFM=72 ID=24 IHW=30 KD=3 KHW=3 OUT_D_SKIP=0 OUT_PADD=0 OUT_H_SKIP=0 OUT_W_SKIP=0 OUT_PADHW=0 OUT_STRIDE_D=1 OUT_STRIDE_HW=1 ACTIVATION=true ADDOROVERWRITE=true ARCH=AVX2 CORES=2 HT=2 CPU_OFFSET=0
dl_filename: /opt/znets/pni_unet_2cores/lib/conv_true_true_AVX2_1_2_0_2_24_72_30_3_3_72_0_0_0_0_1_1_0.so
/opt/znnphi_interface/code/include/znn/jit/jit.py LAYER=conv LIB_FOLDER=/opt/znets/pni_unet_2cores/lib BN=1 IFM=72 OFM=72 ID=24 IHW=30 KD=3 KHW=3 OUT_D_SKIP=0 OUT_PADD=1 OUT_H_SKIP=0 OUT_W_SKIP=0 OUT_PADHW=1 OUT_STRIDE_D=1 OUT_STRIDE_HW=1 ACTIVATION=true ADDOROVERWRITE=false ARCH=AVX2 CORES=2 HT=2 CPU_OFFSET=0
dl_filename: /opt/znets/pni_unet_2cores/lib/conv_true_false_AVX2_1_2_0_2_24_72_30_3_3_72_0_0_1_1_1_1_0.so
/opt/znnphi_interface/code/include/znn/jit/jit.py LAYER=conv LIB_FOLDER=/opt/znets/pni_unet_2cores/lib BN=1 IFM=48 OFM=72 ID=24 IHW=30 KD=3 KHW=3 OUT_D_SKIP=0 OUT_PADD=0 OUT_H_SKIP=0 OUT_W_SKIP=0 OUT_PADHW=0 OUT_STRIDE_D=1 OUT_STRIDE_HW=1 ACTIVATION=true ADDOROVERWRITE=false ARCH=AVX2 CORES=2 HT=2 CPU_OFFSET=0
icpc: warning #10237: -lcilkrts linked in dynamically, static library not available
../../../../code/include/znn/layer/conv/propagation/sub_layer.hpp(93): (col. 17) remark: unroll pragma will be ignored due to unroll_and_jam pragma expected
../../../../code/include/znn/layer/conv/propagation/sub_layer.hpp(93): (col. 17) remark: unroll pragma will be ignored due to unroll_and_jam pragma expected
../../../../code/include/znn/layer/conv/propagation/sub_layer.hpp(93): (col. 17) remark: unroll pragma will be ignored due to unroll_and_jam pragma expected
../../../../code/include/znn/layer/conv/propagation/sub_layer.hpp(93): (col. 17) remark: unroll pragma will be ignored due to unroll_and_jam pragma expected
../../../../code/include/znn/layer/conv/propagation/sub_layer.hpp(93): (col. 17) remark: unroll pragma will be ignored due to unroll_and_jam pragma expected
../../../../code/include/znn/layer/conv/propagation/sub_layer.hpp(93): (col. 17) remark: unroll pragma will be ignored due to unroll_and_jam pragma expected
../../../../code/include/znn/layer/conv/propagation/sub_layer.hpp(93): (col. 17) remark: unroll pragma will be ignored due to unroll_and_jam pragma expected
../../../../code/include/znn/layer/conv/propagation/sub_layer.hpp(93): (col. 17) remark: unroll pragma will be ignored due to unroll_and_jam pragma expected
dl_filename: /opt/znets/pni_unet_2cores/lib/conv_true_false_AVX2_1_2_0_2_24_48_30_3_3_72_0_0_0_0_1_1_0.so
/opt/znnphi_interface/code/include/znn/jit/jit.py LAYER=conv LIB_FOLDER=/opt/znets/pni_unet_2cores/lib BN=1 IFM=48 OFM=48 ID=24 IHW=58 KD=3 KHW=3 OUT_D_SKIP=0 OUT_PADD=0 OUT_H_SKIP=0 OUT_W_SKIP=0 OUT_PADHW=0 OUT_STRIDE_D=1 OUT_STRIDE_HW=1 ACTIVATION=true ADDOROVERWRITE=true ARCH=AVX2 CORES=2 HT=2 CPU_OFFSET=0
dl_filename: /opt/znets/pni_unet_2cores/lib/conv_true_true_AVX2_1_2_0_2_24_48_58_3_3_48_0_0_0_0_1_1_0.so
/opt/znnphi_interface/code/include/znn/jit/jit.py LAYER=conv LIB_FOLDER=/opt/znets/pni_unet_2cores/lib BN=1 IFM=104 OFM=144 ID=24 IHW=9 KD=3 KHW=3 OUT_D_SKIP=0 OUT_PADD=0 OUT_H_SKIP=0 OUT_W_SKIP=0 OUT_PADHW=0 OUT_STRIDE_D=1 OUT_STRIDE_HW=1 ACTIVATION=true ADDOROVERWRITE=false ARCH=AVX2 CORES=2 HT=2 CPU_OFFSET=0
icpc: warning #10237: -lcilkrts linked in dynamically, static library not available
../../../../code/include/znn/layer/conv/propagation/sub_layer.hpp(93): (col. 17) remark: unroll pragma will be ignored due to unroll_and_jam pragma expected
../../../../code/include/znn/layer/conv/propagation/sub_layer.hpp(93): (col. 17) remark: unroll pragma will be ignored due to unroll_and_jam pragma expected
../../../../code/include/znn/layer/conv/propagation/sub_layer.hpp(93): (col. 17) remark: unroll pragma will be ignored due to unroll_and_jam pragma expected
../../../../code/include/znn/layer/conv/propagation/sub_layer.hpp(93): (col. 17) remark: unroll pragma will be ignored due to unroll_and_jam pragma expected
../../../../code/include/znn/layer/conv/propagation/sub_layer.hpp(93): (col. 17) remark: unroll pragma will be ignored due to unroll_and_jam pragma expected
../../../../code/include/znn/layer/conv/propagation/sub_layer.hpp(93): (col. 17) remark: unroll pragma will be ignored due to unroll_and_jam pragma expected
../../../../code/include/znn/layer/conv/propagation/sub_layer.hpp(93): (col. 17) remark: unroll pragma will be ignored due to unroll_and_jam pragma expected
../../../../code/include/znn/layer/conv/propagation/sub_layer.hpp(93): (col. 17) remark: unroll pragma will be ignored due to unroll_and_jam pragma expected
dl_filename: /opt/znets/pni_unet_2cores/lib/conv_true_false_AVX2_1_2_0_2_24_104_9_3_3_144_0_0_0_0_1_1_0.so
/opt/znnphi_interface/code/include/znn/jit/jit.py LAYER=conv LIB_FOLDER=/opt/znets/pni_unet_2cores/lib BN=1 IFM=104 OFM=104 ID=24 IHW=16 KD=3 KHW=3 OUT_D_SKIP=0 OUT_PADD=0 OUT_H_SKIP=0 OUT_W_SKIP=0 OUT_PADHW=0 OUT_STRIDE_D=1 OUT_STRIDE_HW=1 ACTIVATION=true ADDOROVERWRITE=true ARCH=AVX2 CORES=2 HT=2 CPU_OFFSET=0
dl_filename: /opt/znets/pni_unet_2cores/lib/conv_true_true_AVX2_1_2_0_2_24_104_16_3_3_104_0_0_0_0_1_1_0.so
/opt/znnphi_interface/code/include/znn/jit/jit.py LAYER=conv LIB_FOLDER=/opt/znets/pni_unet_2cores/lib BN=1 IFM=104 OFM=104 ID=24 IHW=16 KD=3 KHW=3 OUT_D_SKIP=0 OUT_PADD=1 OUT_H_SKIP=0 OUT_W_SKIP=0 OUT_PADHW=1 OUT_STRIDE_D=1 OUT_STRIDE_HW=1 ACTIVATION=true ADDOROVERWRITE=false ARCH=AVX2 CORES=2 HT=2 CPU_OFFSET=0
dl_filename: /opt/znets/pni_unet_2cores/lib/conv_true_false_AVX2_1_2_0_2_24_104_16_3_3_104_0_0_1_1_1_1_0.so
/opt/znnphi_interface/code/include/znn/jit/jit.py LAYER=conv LIB_FOLDER=/opt/znets/pni_unet_2cores/lib BN=1 IFM=72 OFM=104 ID=24 IHW=16 KD=3 KHW=3 OUT_D_SKIP=0 OUT_PADD=0 OUT_H_SKIP=0 OUT_W_SKIP=0 OUT_PADHW=0 OUT_STRIDE_D=1 OUT_STRIDE_HW=1 ACTIVATION=true ADDOROVERWRITE=false ARCH=AVX2 CORES=2 HT=2 CPU_OFFSET=0
icpc: warning #10237: -lcilkrts linked in dynamically, static library not available
../../../../code/include/znn/layer/conv/propagation/sub_layer.hpp(93): (col. 17) remark: unroll pragma will be ignored due to unroll_and_jam pragma expected
../../../../code/include/znn/layer/conv/propagation/sub_layer.hpp(93): (col. 17) remark: unroll pragma will be ignored due to unroll_and_jam pragma expected
../../../../code/include/znn/layer/conv/propagation/sub_layer.hpp(93): (col. 17) remark: unroll pragma will be ignored due to unroll_and_jam pragma expected
../../../../code/include/znn/layer/conv/propagation/sub_layer.hpp(93): (col. 17) remark: unroll pragma will be ignored due to unroll_and_jam pragma expected
../../../../code/include/znn/layer/conv/propagation/sub_layer.hpp(93): (col. 17) remark: unroll pragma will be ignored due to unroll_and_jam pragma expected
../../../../code/include/znn/layer/conv/propagation/sub_layer.hpp(93): (col. 17) remark: unroll pragma will be ignored due to unroll_and_jam pragma expected
../../../../code/include/znn/layer/conv/propagation/sub_layer.hpp(93): (col. 17) remark: unroll pragma will be ignored due to unroll_and_jam pragma expected
../../../../code/include/znn/layer/conv/propagation/sub_layer.hpp(93): (col. 17) remark: unroll pragma will be ignored due to unroll_and_jam pragma expected
dl_filename: /opt/znets/pni_unet_2cores/lib/conv_true_false_AVX2_1_2_0_2_24_72_16_3_3_104_0_0_0_0_1_1_0.so
/opt/znnphi_interface/code/include/znn/jit/jit.py LAYER=conv LIB_FOLDER=/opt/znets/pni_unet_2cores/lib BN=1 IFM=144 OFM=144 ID=24 IHW=9 KD=3 KHW=3 OUT_D_SKIP=0 OUT_PADD=0 OUT_H_SKIP=0 OUT_W_SKIP=0 OUT_PADHW=0 OUT_STRIDE_D=1 OUT_STRIDE_HW=1 ACTIVATION=true ADDOROVERWRITE=true ARCH=AVX2 CORES=2 HT=2 CPU_OFFSET=0
icpc: warning #10237: -lcilkrts linked in dynamically, static library not available
../../../../code/include/znn/layer/conv/propagation/sub_layer.hpp(93): (col. 17) remark: unroll pragma will be ignored due to unroll_and_jam pragma expected
../../../../code/include/znn/layer/conv/propagation/sub_layer.hpp(93): (col. 17) remark: unroll pragma will be ignored due to unroll_and_jam pragma expected
../../../../code/include/znn/layer/conv/propagation/sub_layer.hpp(93): (col. 17) remark: unroll pragma will be ignored due to unroll_and_jam pragma expected
../../../../code/include/znn/layer/conv/propagation/sub_layer.hpp(93): (col. 17) remark: unroll pragma will be ignored due to unroll_and_jam pragma expected
../../../../code/include/znn/layer/conv/propagation/sub_layer.hpp(93): (col. 17) remark: unroll pragma will be ignored due to unroll_and_jam pragma expected
../../../../code/include/znn/layer/conv/propagation/sub_layer.hpp(93): (col. 17) remark: unroll pragma will be ignored due to unroll_and_jam pragma expected
../../../../code/include/znn/layer/conv/propagation/sub_layer.hpp(93): (col. 17) remark: unroll pragma will be ignored due to unroll_and_jam pragma expected
../../../../code/include/znn/layer/conv/propagation/sub_layer.hpp(93): (col. 17) remark: unroll pragma will be ignored due to unroll_and_jam pragma expected
dl_filename: /opt/znets/pni_unet_2cores/lib/conv_true_true_AVX2_1_2_0_2_24_144_9_3_3_144_0_0_0_0_1_1_0.so
/opt/znnphi_interface/code/include/znn/jit/jit.py LAYER=conv LIB_FOLDER=/opt/znets/pni_unet_2cores/lib BN=1 IFM=144 OFM=144 ID=24 IHW=9 KD=3 KHW=3 OUT_D_SKIP=0 OUT_PADD=1 OUT_H_SKIP=0 OUT_W_SKIP=0 OUT_PADHW=1 OUT_STRIDE_D=1 OUT_STRIDE_HW=1 ACTIVATION=true ADDOROVERWRITE=false ARCH=AVX2 CORES=2 HT=2 CPU_OFFSET=0
icpc: warning #10237: -lcilkrts linked in dynamically, static library not available
../../../../code/include/znn/layer/conv/propagation/sub_layer.hpp(93): (col. 17) remark: unroll pragma will be ignored due to unroll_and_jam pragma expected
../../../../code/include/znn/layer/conv/propagation/sub_layer.hpp(93): (col. 17) remark: unroll pragma will be ignored due to unroll_and_jam pragma expected
../../../../code/include/znn/layer/conv/propagation/sub_layer.hpp(93): (col. 17) remark: unroll pragma will be ignored due to unroll_and_jam pragma expected
../../../../code/include/znn/layer/conv/propagation/sub_layer.hpp(93): (col. 17) remark: unroll pragma will be ignored due to unroll_and_jam pragma expected
../../../../code/include/znn/layer/conv/propagation/sub_layer.hpp(93): (col. 17) remark: unroll pragma will be ignored due to unroll_and_jam pragma expected
../../../../code/include/znn/layer/conv/propagation/sub_layer.hpp(93): (col. 17) remark: unroll pragma will be ignored due to unroll_and_jam pragma expected
../../../../code/include/znn/layer/conv/propagation/sub_layer.hpp(93): (col. 17) remark: unroll pragma will be ignored due to unroll_and_jam pragma expected
../../../../code/include/znn/layer/conv/propagation/sub_layer.hpp(93): (col. 17) remark: unroll pragma will be ignored due to unroll_and_jam pragma expected
dl_filename: /opt/znets/pni_unet_2cores/lib/conv_true_false_AVX2_1_2_0_2_24_144_9_3_3_144_0_0_1_1_1_1_0.so
1 2
/opt/znnphi_interface/code/include/znn/jit/jit.py LAYER=conv LIB_FOLDER=/opt/znets/pni_unet_2cores/lib BN=1 IFM=24 OFM=24 ID=22 IHW=228 KD=1 KHW=5 OUT_D_SKIP=0 OUT_PADD=0 OUT_H_SKIP=0 OUT_W_SKIP=0 OUT_PADHW=0 OUT_STRIDE_D=1 OUT_STRIDE_HW=1 ACTIVATION=true ADDOROVERWRITE=false ARCH=AVX2 CORES=2 HT=2 CPU_OFFSET=0
icpc: warning #10237: -lcilkrts linked in dynamically, static library not available
../../../../code/include/znn/layer/conv/propagation/sub_layer.hpp(93): (col. 17) remark: unroll pragma will be ignored due to unroll_and_jam pragma expected
../../../../code/include/znn/layer/conv/propagation/sub_layer.hpp(93): (col. 17) remark: unroll pragma will be ignored due to unroll_and_jam pragma expected
../../../../code/include/znn/layer/conv/propagation/sub_layer.hpp(93): (col. 17) remark: unroll pragma will be ignored due to unroll_and_jam pragma expected
../../../../code/include/znn/layer/conv/propagation/sub_layer.hpp(93): (col. 17) remark: unroll pragma will be ignored due to unroll_and_jam pragma expected
../../../../code/include/znn/layer/conv/propagation/sub_layer.hpp(93): (col. 17) remark: unroll pragma will be ignored due to unroll_and_jam pragma expected
../../../../code/include/znn/layer/conv/propagation/sub_layer.hpp(93): (col. 17) remark: unroll pragma will be ignored due to unroll_and_jam pragma expected
../../../../code/include/znn/layer/conv/propagation/sub_layer.hpp(93): (col. 17) remark: unroll pragma will be ignored due to unroll_and_jam pragma expected
../../../../code/include/znn/layer/conv/propagation/sub_layer.hpp(93): (col. 17) remark: unroll pragma will be ignored due to unroll_and_jam pragma expected
dl_filename: /opt/znets/pni_unet_2cores/lib/conv_true_false_AVX2_1_2_0_2_22_24_228_1_5_24_0_0_0_0_1_1_0.so
/opt/znnphi_interface/code/include/znn/jit/jit.py LAYER=conv LIB_FOLDER=/opt/znets/pni_unet_2cores/lib BN=1 IFM=24 OFM=16 ID=22 IHW=224 KD=1 KHW=1 OUT_D_SKIP=0 OUT_PADD=0 OUT_H_SKIP=0 OUT_W_SKIP=0 OUT_PADHW=0 OUT_STRIDE_D=1 OUT_STRIDE_HW=1 ACTIVATION=false ADDOROVERWRITE=false ARCH=AVX2 CORES=2 HT=2 CPU_OFFSET=0
dl_filename: /opt/znets/pni_unet_2cores/lib/conv_false_false_AVX2_1_2_0_2_22_24_224_1_1_16_0_0_0_0_1_1_0.so
Copying 4415488 bytes into the user input. 
Starting Forward Pass
block_input: 0.017125
input: 0
Conv1_padder: 0.006129
Conv1: 0.072865
Conv2: 0.18399
Conv3_padder: 0.018543
Conv3: 0.18097
Conv4: 0.179898
Pooling1: 0.068197
Conv5_padder: 0.00478
Conv5: 0.058826
Conv6_padder: 0.006402
Conv6: 0.077494
Conv7: 0.07763
Pooling2: 0.019232
Conv8_padder: 0.001723
Conv8: 0.029437
Conv9_padder: 0.002518
Conv9: 0.043707
Conv10: 0.043676
Pooling3: 0.007724
Conv11_padder: 0.000671
Conv11: 0.016483
Conv12_padder: 0.000994
Conv12: 0.024727
Conv13: 0.024753
Pooling4: 0.002964
Conv14_padder: 0.000298
Conv14: 0.008954
Conv15_padder: 0.000408
Conv15: 0.013159
Conv16: 0.012843
Pooling5: 0.001054
Conv17_padder: 0.000123
Conv17: 0.004446
Conv18_padder: 0.000162
Conv18: 0.006075
Conv19: 0.006048
Deconvolution1: 0.001311
Deconvolution1_crop: 0.00043
Conv20: 0.001391
Conv21_padder: 0.0004
Conv21: 0.012788
Conv22_padder: 0.000407
Conv22: 0.012862
Conv23: 0.012805
Deconvolution2: 0.003734
Deconvolution2_crop: 0.001241
Conv24: 0.003466
Conv25_padder: 0.001009
Conv25: 0.024504
Conv26_padder: 0.000974
Conv26: 0.024611
Conv27: 0.024344
Deconvolution3: 0.010244
Deconvolution3_crop: 0.003376
Conv28: 0.007618
Conv29_padder: 0.002461
Conv29: 0.04359
Conv30_padder: 0.002572
Conv30: 0.043287
Conv31: 0.043761
Deconvolution4: 0.025044
Deconvolution4_crop: 0.008975
Conv32: 0.014736
Conv33_padder: 0.006513
Conv33: 0.078309
Conv34_padder: 0.006466
Conv34: 0.077486
Conv35: 0.077831
Deconvolution5: 0.064737
Deconvolution5_crop: 0.02362
Conv36: 0.035627
Conv37_padder: 0.018569
Conv37: 0.178827
Conv38_padder: 0.018627
Conv38: 0.181456
Conv39: 0.179145
Conv40_padder: 0.019121
Conv40: 0.190515
affinity_score: 0.015319
Sigmoid1: 0.022982
affinity: 0.005842
unblock_output: 0.007543
average:2.76622
Forward Finished
Max rel d: 1.80322676897e-05
Max d: 1.78217887878e-05
Average d: 7.46378361782e-07
Congrats! All pass. Error == 1.10823693831e-05
